<?xml version="1.0" encoding="UTF-8"?>
<coverage generated="1552440313297" clover="3.2.0">
  <project timestamp="1552440313298" name="All files">
    <metrics statements="35" coveredstatements="15" conditionals="6" coveredconditionals="1" methods="6" coveredmethods="4" elements="47" coveredelements="20" complexity="0" loc="35" ncloc="35" packages="1" files="2" classes="2"/>
    <file name="linked-list.js" path="/Users/user/Desktop/codefellows/401-code-challenges/six/lib/linked-list.js">
      <metrics statements="32" coveredstatements="12" conditionals="6" coveredconditionals="1" methods="5" coveredmethods="3"/>
      <line num="3" count="1" type="stmt"/>
      <line num="13" count="2" type="stmt"/>
      <line num="17" count="1" type="stmt"/>
      <line num="19" count="1" type="stmt"/>
      <line num="22" count="1" type="stmt"/>
      <line num="26" count="1" type="stmt"/>
      <line num="28" count="1" type="cond" truecount="1" falsecount="1"/>
      <line num="29" count="0" type="stmt"/>
      <line num="30" count="0" type="stmt"/>
      <line num="32" count="1" type="stmt"/>
      <line num="34" count="1" type="stmt"/>
      <line num="35" count="10" type="stmt"/>
      <line num="40" count="1" type="stmt"/>
      <line num="44" count="0" type="stmt"/>
      <line num="45" count="0" type="stmt"/>
      <line num="46" count="0" type="stmt"/>
      <line num="47" count="0" type="cond" truecount="0" falsecount="2"/>
      <line num="48" count="0" type="stmt"/>
      <line num="49" count="0" type="stmt"/>
      <line num="50" count="0" type="stmt"/>
      <line num="51" count="0" type="stmt"/>
      <line num="54" count="0" type="stmt"/>
      <line num="60" count="0" type="stmt"/>
      <line num="61" count="0" type="stmt"/>
      <line num="62" count="0" type="stmt"/>
      <line num="63" count="0" type="cond" truecount="0" falsecount="2"/>
      <line num="64" count="0" type="stmt"/>
      <line num="65" count="0" type="stmt"/>
      <line num="66" count="0" type="stmt"/>
      <line num="67" count="0" type="stmt"/>
      <line num="70" count="0" type="stmt"/>
      <line num="78" count="1" type="stmt"/>
    </file>
    <file name="node.js" path="/Users/user/Desktop/codefellows/401-code-challenges/six/lib/node.js">
      <metrics statements="3" coveredstatements="3" conditionals="0" coveredconditionals="0" methods="1" coveredmethods="1"/>
      <line num="5" count="24" type="stmt"/>
      <line num="6" count="24" type="stmt"/>
      <line num="10" count="1" type="stmt"/>
    </file>
  </project>
</coverage>
