{"/Users/user/Desktop/codefellows/401-code-challenges/six/lib/linked-list.js": {"path":"/Users/user/Desktop/codefellows/401-code-challenges/six/lib/linked-list.js","statementMap":{"0":{"start":{"line":3,"column":13},"end":{"line":3,"column":30}},"1":{"start":{"line":13,"column":4},"end":{"line":13,"column":21}},"2":{"start":{"line":17,"column":20},"end":{"line":17,"column":35}},"3":{"start":{"line":19,"column":4},"end":{"line":19,"column":29}},"4":{"start":{"line":22,"column":4},"end":{"line":22,"column":24}},"5":{"start":{"line":26,"column":20},"end":{"line":26,"column":35}},"6":{"start":{"line":28,"column":4},"end":{"line":31,"column":5}},"7":{"start":{"line":29,"column":6},"end":{"line":29,"column":26}},"8":{"start":{"line":30,"column":6},"end":{"line":30,"column":13}},"9":{"start":{"line":32,"column":18},"end":{"line":32,"column":27}},"10":{"start":{"line":34,"column":4},"end":{"line":36,"column":5}},"11":{"start":{"line":35,"column":6},"end":{"line":35,"column":29}},"12":{"start":{"line":40,"column":4},"end":{"line":40,"column":27}},"13":{"start":{"line":44,"column":20},"end":{"line":44,"column":38}},"14":{"start":{"line":45,"column":18},"end":{"line":45,"column":27}},"15":{"start":{"line":46,"column":4},"end":{"line":54,"column":5}},"16":{"start":{"line":47,"column":6},"end":{"line":52,"column":7}},"17":{"start":{"line":48,"column":19},"end":{"line":48,"column":31}},"18":{"start":{"line":49,"column":8},"end":{"line":49,"column":31}},"19":{"start":{"line":50,"column":8},"end":{"line":50,"column":28}},"20":{"start":{"line":51,"column":8},"end":{"line":51,"column":101}},"21":{"start":{"line":53,"column":6},"end":{"line":53,"column":29}},"22":{"start":{"line":58,"column":20},"end":{"line":58,"column":38}},"23":{"start":{"line":59,"column":18},"end":{"line":59,"column":27}},"24":{"start":{"line":60,"column":4},"end":{"line":68,"column":5}},"25":{"start":{"line":61,"column":6},"end":{"line":66,"column":7}},"26":{"start":{"line":62,"column":19},"end":{"line":62,"column":31}},"27":{"start":{"line":63,"column":8},"end":{"line":63,"column":31}},"28":{"start":{"line":64,"column":8},"end":{"line":64,"column":26}},"29":{"start":{"line":65,"column":8},"end":{"line":65,"column":99}},"30":{"start":{"line":67,"column":6},"end":{"line":67,"column":27}},"31":{"start":{"line":74,"column":0},"end":{"line":74,"column":28}}},"fnMap":{"0":{"name":"(anonymous_0)","decl":{"start":{"line":12,"column":2},"end":{"line":12,"column":3}},"loc":{"start":{"line":12,"column":15},"end":{"line":14,"column":3}},"line":12},"1":{"name":"(anonymous_1)","decl":{"start":{"line":16,"column":2},"end":{"line":16,"column":3}},"loc":{"start":{"line":16,"column":21},"end":{"line":23,"column":3}},"line":16},"2":{"name":"(anonymous_2)","decl":{"start":{"line":25,"column":2},"end":{"line":25,"column":3}},"loc":{"start":{"line":25,"column":15},"end":{"line":41,"column":3}},"line":25},"3":{"name":"(anonymous_3)","decl":{"start":{"line":43,"column":2},"end":{"line":43,"column":3}},"loc":{"start":{"line":43,"column":31},"end":{"line":55,"column":3}},"line":43},"4":{"name":"(anonymous_4)","decl":{"start":{"line":57,"column":2},"end":{"line":57,"column":3}},"loc":{"start":{"line":57,"column":30},"end":{"line":69,"column":3}},"line":57}},"branchMap":{"0":{"loc":{"start":{"line":28,"column":4},"end":{"line":31,"column":5}},"type":"if","locations":[{"start":{"line":28,"column":4},"end":{"line":31,"column":5}},{"start":{"line":28,"column":4},"end":{"line":31,"column":5}}],"line":28},"1":{"loc":{"start":{"line":47,"column":6},"end":{"line":52,"column":7}},"type":"if","locations":[{"start":{"line":47,"column":6},"end":{"line":52,"column":7}},{"start":{"line":47,"column":6},"end":{"line":52,"column":7}}],"line":47},"2":{"loc":{"start":{"line":61,"column":6},"end":{"line":66,"column":7}},"type":"if","locations":[{"start":{"line":61,"column":6},"end":{"line":66,"column":7}},{"start":{"line":61,"column":6},"end":{"line":66,"column":7}}],"line":61}},"s":{"0":1,"1":6,"2":1,"3":1,"4":1,"5":13,"6":13,"7":2,"8":2,"9":11,"10":11,"11":30,"12":11,"13":1,"14":1,"15":1,"16":5,"17":1,"18":1,"19":1,"20":1,"21":4,"22":1,"23":1,"24":1,"25":6,"26":1,"27":1,"28":1,"29":1,"30":5,"31":1},"f":{"0":6,"1":1,"2":13,"3":1,"4":1},"b":{"0":[2,11],"1":[1,4],"2":[1,5]},"_coverageSchema":"43e27e138ebf9cfc5966b082cf9a028302ed4184","hash":"813cf94e4f896c3253740e3d541c068a036d6616"}
,"/Users/user/Desktop/codefellows/401-code-challenges/six/lib/node.js": {"path":"/Users/user/Desktop/codefellows/401-code-challenges/six/lib/node.js","statementMap":{"0":{"start":{"line":5,"column":4},"end":{"line":5,"column":23}},"1":{"start":{"line":6,"column":4},"end":{"line":6,"column":21}},"2":{"start":{"line":10,"column":0},"end":{"line":10,"column":22}}},"fnMap":{"0":{"name":"(anonymous_0)","decl":{"start":{"line":4,"column":2},"end":{"line":4,"column":3}},"loc":{"start":{"line":4,"column":21},"end":{"line":7,"column":3}},"line":4}},"branchMap":{},"s":{"0":42,"1":42,"2":1},"f":{"0":42},"b":{},"_coverageSchema":"43e27e138ebf9cfc5966b082cf9a028302ed4184","hash":"5ad4e47af4c1bf451ee989b2a24e5f56c811ecbc"}
}
