TN:
SF:/Users/user/Desktop/codefellows/401-code-challenges/six/lib/linked-list.js
FN:12,(anonymous_0)
FN:16,(anonymous_1)
FN:25,(anonymous_2)
FN:43,(anonymous_3)
FN:59,(anonymous_4)
FNF:5
FNH:3
FNDA:2,(anonymous_0)
FNDA:1,(anonymous_1)
FNDA:1,(anonymous_2)
FNDA:0,(anonymous_3)
FNDA:0,(anonymous_4)
DA:3,1
DA:13,2
DA:17,1
DA:19,1
DA:22,1
DA:26,1
DA:28,1
DA:29,0
DA:30,0
DA:32,1
DA:34,1
DA:35,10
DA:40,1
DA:44,0
DA:45,0
DA:46,0
DA:47,0
DA:48,0
DA:49,0
DA:50,0
DA:51,0
DA:54,0
DA:60,0
DA:61,0
DA:62,0
DA:63,0
DA:64,0
DA:65,0
DA:66,0
DA:67,0
DA:70,0
DA:78,1
LF:32
LH:12
BRDA:28,0,0,0
BRDA:28,0,1,1
BRDA:47,1,0,0
BRDA:47,1,1,0
BRDA:63,2,0,0
BRDA:63,2,1,0
BRF:6
BRH:1
end_of_record
TN:
SF:/Users/user/Desktop/codefellows/401-code-challenges/six/lib/node.js
FN:4,(anonymous_0)
FNF:1
FNH:1
FNDA:24,(anonymous_0)
DA:5,24
DA:6,24
DA:10,1
LF:3
LH:3
BRF:0
BRH:0
end_of_record
