TN:
SF:/Users/user/Desktop/codefellows/401-code-challenges/six/lib/linked-list.js
FN:12,(anonymous_0)
FN:16,(anonymous_1)
FN:25,(anonymous_2)
FN:43,(anonymous_3)
FN:57,(anonymous_4)
FNF:5
FNH:5
FNDA:6,(anonymous_0)
FNDA:1,(anonymous_1)
FNDA:13,(anonymous_2)
FNDA:1,(anonymous_3)
FNDA:1,(anonymous_4)
DA:3,1
DA:13,6
DA:17,1
DA:19,1
DA:22,1
DA:26,13
DA:28,13
DA:29,2
DA:30,2
DA:32,11
DA:34,11
DA:35,30
DA:40,11
DA:44,1
DA:45,1
DA:46,1
DA:47,5
DA:48,1
DA:49,1
DA:50,1
DA:51,1
DA:53,4
DA:58,1
DA:59,1
DA:60,1
DA:61,6
DA:62,1
DA:63,1
DA:64,1
DA:65,1
DA:67,5
DA:74,1
LF:32
LH:32
BRDA:28,0,0,2
BRDA:28,0,1,11
BRDA:47,1,0,1
BRDA:47,1,1,4
BRDA:61,2,0,1
BRDA:61,2,1,5
BRF:6
BRH:6
end_of_record
TN:
SF:/Users/user/Desktop/codefellows/401-code-challenges/six/lib/node.js
FN:4,(anonymous_0)
FNF:1
FNH:1
FNDA:42,(anonymous_0)
DA:5,42
DA:6,42
DA:10,1
LF:3
LH:3
BRF:0
BRH:0
end_of_record
